<?xml version="1.0" encoding="UTF-8"?>
<coverage generated="1555610507646" clover="3.2.0">
  <project timestamp="1555610507646" name="All files">
    <metrics statements="111" coveredstatements="79" conditionals="50" coveredconditionals="28" methods="46" coveredmethods="26" elements="207" coveredelements="133" complexity="0" loc="111" ncloc="111" packages="6" files="15" classes="15">
      <package name="src">
        <metrics statements="8" coveredstatements="7" conditionals="0" coveredconditionals="0" methods="1" coveredmethods="1"/>
        <file name="App.js" path="/Users/harish/Documents/Github/friends-list/src/App.js">
          <metrics statements="1" coveredstatements="1" conditionals="0" coveredconditionals="0" methods="1" coveredmethods="1"/>
          <line num="7" count="1" type="stmt"/>
        </file>
        <file name="index.js" path="/Users/harish/Documents/Github/friends-list/src/index.js">
          <metrics statements="1" coveredstatements="0" conditionals="0" coveredconditionals="0" methods="0" coveredmethods="0"/>
          <line num="1" count="0" type="stmt"/>
        </file>
        <file name="setupTests.js" path="/Users/harish/Documents/Github/friends-list/src/setupTests.js">
          <metrics statements="6" coveredstatements="6" conditionals="0" coveredconditionals="0" methods="0" coveredmethods="0"/>
          <line num="7" count="5" type="stmt"/>
          <line num="10" count="5" type="stmt"/>
          <line num="11" count="5" type="stmt"/>
          <line num="12" count="5" type="stmt"/>
          <line num="13" count="5" type="stmt"/>
          <line num="14" count="5" type="stmt"/>
        </file>
      </package>
      <package name="src.actions">
        <metrics statements="5" coveredstatements="5" conditionals="0" coveredconditionals="0" methods="5" coveredmethods="5"/>
        <file name="FriendsActions.js" path="/Users/harish/Documents/Github/friends-list/src/actions/FriendsActions.js">
          <metrics statements="5" coveredstatements="5" conditionals="0" coveredconditionals="0" methods="5" coveredmethods="5"/>
          <line num="4" count="3" type="stmt"/>
          <line num="11" count="2" type="stmt"/>
          <line num="18" count="2" type="stmt"/>
          <line num="25" count="1" type="stmt"/>
          <line num="31" count="1" type="stmt"/>
        </file>
      </package>
      <package name="src.components">
        <metrics statements="41" coveredstatements="22" conditionals="22" coveredconditionals="9" methods="26" coveredmethods="12"/>
        <file name="AddFriendForm.js" path="/Users/harish/Documents/Github/friends-list/src/components/AddFriendForm.js">
          <metrics statements="17" coveredstatements="17" conditionals="10" coveredconditionals="9" methods="9" coveredmethods="9"/>
          <line num="6" count="1" type="stmt"/>
          <line num="13" count="13" type="stmt"/>
          <line num="32" count="4" type="stmt"/>
          <line num="36" count="1" type="stmt"/>
          <line num="58" count="7" type="stmt"/>
          <line num="59" count="7" type="stmt"/>
          <line num="64" count="7" type="stmt"/>
          <line num="68" count="2" type="stmt"/>
          <line num="72" count="1" type="stmt"/>
          <line num="73" count="1" type="cond" truecount="3" falsecount="1"/>
          <line num="74" count="1" type="stmt"/>
          <line num="75" count="1" type="stmt"/>
          <line num="76" count="1" type="stmt"/>
          <line num="81" count="2" type="stmt"/>
          <line num="85" count="1" type="stmt"/>
          <line num="86" count="2" type="stmt"/>
          <line num="93" count="1" type="stmt"/>
        </file>
        <file name="EmptyView.js" path="/Users/harish/Documents/Github/friends-list/src/components/EmptyView.js">
          <metrics statements="3" coveredstatements="0" conditionals="4" coveredconditionals="0" methods="2" coveredmethods="0"/>
          <line num="1" count="0" type="stmt"/>
          <line num="2" count="0" type="cond" truecount="0" falsecount="4"/>
          <line num="4" count="0" type="stmt"/>
        </file>
        <file name="FriendList.js" path="/Users/harish/Documents/Github/friends-list/src/components/FriendList.js">
          <metrics statements="5" coveredstatements="0" conditionals="4" coveredconditionals="0" methods="3" coveredmethods="0"/>
          <line num="1" count="0" type="stmt"/>
          <line num="4" count="0" type="cond" truecount="0" falsecount="4"/>
          <line num="8" count="0" type="stmt"/>
          <line num="12" count="0" type="stmt"/>
          <line num="29" count="0" type="stmt"/>
        </file>
        <file name="FriendListItem.js" path="/Users/harish/Documents/Github/friends-list/src/components/FriendListItem.js">
          <metrics statements="7" coveredstatements="0" conditionals="4" coveredconditionals="0" methods="4" coveredmethods="0"/>
          <line num="1" count="0" type="stmt"/>
          <line num="4" count="0" type="cond" truecount="0" falsecount="4"/>
          <line num="9" count="0" type="stmt"/>
          <line num="10" count="0" type="stmt"/>
          <line num="22" count="0" type="stmt"/>
          <line num="31" count="0" type="stmt"/>
          <line num="42" count="0" type="stmt"/>
        </file>
        <file name="Pagination.js" path="/Users/harish/Documents/Github/friends-list/src/components/Pagination.js">
          <metrics statements="5" coveredstatements="5" conditionals="0" coveredconditionals="0" methods="3" coveredmethods="3"/>
          <line num="13" count="4" type="stmt"/>
          <line num="14" count="4" type="stmt"/>
          <line num="18" count="1" type="stmt"/>
          <line num="28" count="1" type="stmt"/>
          <line num="38" count="1" type="stmt"/>
        </file>
        <file name="index.js" path="/Users/harish/Documents/Github/friends-list/src/components/index.js">
          <metrics statements="4" coveredstatements="0" conditionals="0" coveredconditionals="0" methods="5" coveredmethods="0"/>
          <line num="1" count="0" type="stmt"/>
          <line num="2" count="0" type="stmt"/>
          <line num="3" count="0" type="stmt"/>
          <line num="4" count="0" type="stmt"/>
        </file>
      </package>
      <package name="src.constants">
        <metrics statements="5" coveredstatements="5" conditionals="0" coveredconditionals="0" methods="0" coveredmethods="0"/>
        <file name="ActionTypes.js" path="/Users/harish/Documents/Github/friends-list/src/constants/ActionTypes.js">
          <metrics statements="5" coveredstatements="5" conditionals="0" coveredconditionals="0" methods="0" coveredmethods="0"/>
          <line num="1" count="2" type="stmt"/>
          <line num="2" count="2" type="stmt"/>
          <line num="3" count="2" type="stmt"/>
          <line num="4" count="2" type="stmt"/>
          <line num="5" count="2" type="stmt"/>
        </file>
      </package>
      <package name="src.containers">
        <metrics statements="11" coveredstatements="0" conditionals="9" coveredconditionals="0" methods="5" coveredmethods="0"/>
        <file name="App.js" path="/Users/harish/Documents/Github/friends-list/src/containers/App.js">
          <metrics statements="5" coveredstatements="0" conditionals="4" coveredconditionals="0" methods="2" coveredmethods="0"/>
          <line num="1" count="0" type="stmt"/>
          <line num="6" count="0" type="cond" truecount="0" falsecount="4"/>
          <line num="8" count="0" type="stmt"/>
          <line num="9" count="0" type="stmt"/>
          <line num="13" count="0" type="stmt"/>
        </file>
        <file name="FriendListApp.js" path="/Users/harish/Documents/Github/friends-list/src/containers/FriendListApp.js">
          <metrics statements="6" coveredstatements="0" conditionals="5" coveredconditionals="0" methods="3" coveredmethods="0"/>
          <line num="1" count="0" type="stmt"/>
          <line num="12" count="0" type="cond" truecount="0" falsecount="4"/>
          <line num="24" count="0" type="stmt"/>
          <line num="25" count="0" type="stmt"/>
          <line num="26" count="0" type="stmt"/>
          <line num="42" count="0" type="stmt"/>
        </file>
      </package>
      <package name="src.reducers">
        <metrics statements="41" coveredstatements="40" conditionals="19" coveredconditionals="19" methods="9" coveredmethods="8"/>
        <file name="friendlist.js" path="/Users/harish/Documents/Github/friends-list/src/reducers/friendlist.js">
          <metrics statements="40" coveredstatements="40" conditionals="19" coveredconditionals="19" methods="8" coveredmethods="8"/>
          <line num="3" count="1" type="stmt"/>
          <line num="45" count="1" type="stmt"/>
          <line num="46" count="9" type="stmt"/>
          <line num="47" count="9" type="stmt"/>
          <line num="48" count="9" type="stmt"/>
          <line num="51" count="1" type="stmt"/>
          <line num="52" count="3" type="stmt"/>
          <line num="53" count="3" type="stmt"/>
          <line num="55" count="3" type="cond" truecount="2" falsecount="0"/>
          <line num="57" count="3" type="cond" truecount="2" falsecount="0"/>
          <line num="58" count="3" type="stmt"/>
          <line num="60" count="3" type="stmt"/>
          <line num="66" count="3" type="stmt"/>
          <line num="76" count="3" type="stmt"/>
          <line num="88" count="1" type="stmt"/>
          <line num="89" count="3" type="stmt"/>
          <line num="90" count="6" type="stmt"/>
          <line num="91" count="3" type="stmt"/>
          <line num="92" count="3" type="stmt"/>
          <line num="97" count="3" type="stmt"/>
          <line num="109" count="1" type="stmt"/>
          <line num="110" count="4" type="stmt"/>
          <line num="111" count="4" type="cond" truecount="2" falsecount="0"/>
          <line num="112" count="4" type="cond" truecount="2" falsecount="0"/>
          <line num="113" count="4" type="cond" truecount="2" falsecount="0"/>
          <line num="114" count="2" type="stmt"/>
          <line num="127" count="2" type="stmt"/>
          <line num="130" count="1" type="stmt"/>
          <line num="131" count="1" type="stmt"/>
          <line num="132" count="1" type="stmt"/>
          <line num="133" count="1" type="stmt"/>
          <line num="134" count="1" type="stmt"/>
          <line num="135" count="1" type="stmt"/>
          <line num="143" count="15" type="cond" truecount="6" falsecount="0"/>
          <line num="144" count="3" type="stmt"/>
          <line num="145" count="3" type="stmt"/>
          <line num="146" count="1" type="stmt"/>
          <line num="147" count="2" type="stmt"/>
          <line num="148" count="2" type="stmt"/>
          <line num="150" count="4" type="stmt"/>
        </file>
        <file name="index.js" path="/Users/harish/Documents/Github/friends-list/src/reducers/index.js">
          <metrics statements="1" coveredstatements="0" conditionals="0" coveredconditionals="0" methods="1" coveredmethods="0"/>
          <line num="1" count="0" type="stmt"/>
        </file>
      </package>
    </metrics>
  </project>
</coverage>
