{"/Users/harish/Documents/Github/friends-list/src/App.js": {"path":"/Users/harish/Documents/Github/friends-list/src/App.js","statementMap":{"0":{"start":{"line":7,"column":4},"end":{"line":17,"column":6}}},"fnMap":{"0":{"name":"(anonymous_0)","decl":{"start":{"line":6,"column":2},"end":{"line":6,"column":3}},"loc":{"start":{"line":6,"column":11},"end":{"line":18,"column":3}},"line":6}},"branchMap":{},"s":{"0":1},"f":{"0":1},"b":{},"_coverageSchema":"332fd63041d2c1bcb487cc26dd0d5f7d97098a6c","hash":"7d5ee7806e43e1575ef469b7d20f235bbc8cc154"}
,"/Users/harish/Documents/Github/friends-list/src/index.js": {"path":"/Users/harish/Documents/Github/friends-list/src/index.js","statementMap":{"0":{"start":{"line":1,"column":58},"end":{"line":1,"column":116}}},"fnMap":{},"branchMap":{},"s":{"0":0},"f":{},"b":{}}
,"/Users/harish/Documents/Github/friends-list/src/setupTests.js": {"path":"/Users/harish/Documents/Github/friends-list/src/setupTests.js","statementMap":{"0":{"start":{"line":7,"column":0},"end":{"line":7,"column":38}},"1":{"start":{"line":10,"column":0},"end":{"line":10,"column":21}},"2":{"start":{"line":11,"column":0},"end":{"line":11,"column":25}},"3":{"start":{"line":12,"column":0},"end":{"line":12,"column":23}},"4":{"start":{"line":13,"column":0},"end":{"line":13,"column":21}},"5":{"start":{"line":14,"column":0},"end":{"line":14,"column":21}}},"fnMap":{},"branchMap":{},"s":{"0":5,"1":5,"2":5,"3":5,"4":5,"5":5},"f":{},"b":{},"_coverageSchema":"332fd63041d2c1bcb487cc26dd0d5f7d97098a6c","hash":"f371adc4d8dcd7c0bf6af73ccd558fb34170a5ac"}
,"/Users/harish/Documents/Github/friends-list/src/actions/FriendsActions.js": {"path":"/Users/harish/Documents/Github/friends-list/src/actions/FriendsActions.js","statementMap":{"0":{"start":{"line":4,"column":2},"end":{"line":7,"column":4}},"1":{"start":{"line":11,"column":2},"end":{"line":14,"column":4}},"2":{"start":{"line":18,"column":2},"end":{"line":21,"column":4}},"3":{"start":{"line":25,"column":2},"end":{"line":27,"column":4}},"4":{"start":{"line":31,"column":2},"end":{"line":33,"column":4}}},"fnMap":{"0":{"name":"addFriend","decl":{"start":{"line":3,"column":16},"end":{"line":3,"column":25}},"loc":{"start":{"line":3,"column":35},"end":{"line":8,"column":1}},"line":3},"1":{"name":"deleteFriend","decl":{"start":{"line":10,"column":16},"end":{"line":10,"column":28}},"loc":{"start":{"line":10,"column":33},"end":{"line":15,"column":1}},"line":10},"2":{"name":"starFriend","decl":{"start":{"line":17,"column":16},"end":{"line":17,"column":26}},"loc":{"start":{"line":17,"column":31},"end":{"line":22,"column":1}},"line":17},"3":{"name":"incrementPagination","decl":{"start":{"line":24,"column":16},"end":{"line":24,"column":35}},"loc":{"start":{"line":24,"column":38},"end":{"line":28,"column":1}},"line":24},"4":{"name":"decrementPagination","decl":{"start":{"line":30,"column":16},"end":{"line":30,"column":35}},"loc":{"start":{"line":30,"column":38},"end":{"line":34,"column":1}},"line":30}},"branchMap":{},"s":{"0":3,"1":2,"2":2,"3":1,"4":1},"f":{"0":3,"1":2,"2":2,"3":1,"4":1},"b":{},"_coverageSchema":"332fd63041d2c1bcb487cc26dd0d5f7d97098a6c","hash":"18b4fee132d94fc3fa5e829b7e19a58eca236cd9"}
,"/Users/harish/Documents/Github/friends-list/src/components/AddFriendForm.js": {"path":"/Users/harish/Documents/Github/friends-list/src/components/AddFriendForm.js","statementMap":{"0":{"start":{"line":6,"column":24},"end":{"line":9,"column":1}},"1":{"start":{"line":13,"column":4},"end":{"line":54,"column":6}},"2":{"start":{"line":32,"column":14},"end":{"line":40,"column":19}},"3":{"start":{"line":36,"column":34},"end":{"line":36,"column":71}},"4":{"start":{"line":58,"column":4},"end":{"line":58,"column":26}},"5":{"start":{"line":59,"column":4},"end":{"line":63,"column":6}},"6":{"start":{"line":64,"column":4},"end":{"line":64,"column":69}},"7":{"start":{"line":68,"column":4},"end":{"line":68,"column":44}},"8":{"start":{"line":72,"column":17},"end":{"line":72,"column":38}},"9":{"start":{"line":73,"column":4},"end":{"line":77,"column":5}},"10":{"start":{"line":74,"column":21},"end":{"line":74,"column":52}},"11":{"start":{"line":75,"column":6},"end":{"line":75,"column":45}},"12":{"start":{"line":76,"column":6},"end":{"line":76,"column":70}},"13":{"start":{"line":81,"column":4},"end":{"line":81,"column":70}},"14":{"start":{"line":85,"column":4},"end":{"line":88,"column":7}},"15":{"start":{"line":86,"column":53},"end":{"line":86,"column":69}},"16":{"start":{"line":93,"column":0},"end":{"line":95,"column":2}}},"fnMap":{"0":{"name":"(anonymous_0)","decl":{"start":{"line":12,"column":2},"end":{"line":12,"column":3}},"loc":{"start":{"line":12,"column":11},"end":{"line":55,"column":3}},"line":12},"1":{"name":"(anonymous_1)","decl":{"start":{"line":31,"column":52},"end":{"line":31,"column":53}},"loc":{"start":{"line":32,"column":14},"end":{"line":40,"column":19}},"line":32},"2":{"name":"(anonymous_2)","decl":{"start":{"line":36,"column":27},"end":{"line":36,"column":28}},"loc":{"start":{"line":36,"column":33},"end":{"line":36,"column":72}},"line":36},"3":{"name":"(anonymous_3)","decl":{"start":{"line":57,"column":2},"end":{"line":57,"column":3}},"loc":{"start":{"line":57,"column":30},"end":{"line":65,"column":3}},"line":57},"4":{"name":"(anonymous_4)","decl":{"start":{"line":67,"column":2},"end":{"line":67,"column":3}},"loc":{"start":{"line":67,"column":23},"end":{"line":69,"column":3}},"line":67},"5":{"name":"(anonymous_5)","decl":{"start":{"line":71,"column":2},"end":{"line":71,"column":3}},"loc":{"start":{"line":71,"column":18},"end":{"line":78,"column":3}},"line":71},"6":{"name":"(anonymous_6)","decl":{"start":{"line":80,"column":2},"end":{"line":80,"column":3}},"loc":{"start":{"line":80,"column":19},"end":{"line":82,"column":3}},"line":80},"7":{"name":"(anonymous_7)","decl":{"start":{"line":84,"column":2},"end":{"line":84,"column":3}},"loc":{"start":{"line":84,"column":27},"end":{"line":89,"column":3}},"line":84},"8":{"name":"(anonymous_8)","decl":{"start":{"line":86,"column":43},"end":{"line":86,"column":44}},"loc":{"start":{"line":86,"column":53},"end":{"line":86,"column":69}},"line":86}},"branchMap":{"0":{"loc":{"start":{"line":28,"column":11},"end":{"line":42,"column":15}},"type":"binary-expr","locations":[{"start":{"line":28,"column":11},"end":{"line":28,"column":38}},{"start":{"line":28,"column":42},"end":{"line":42,"column":15}}],"line":28},"1":{"loc":{"start":{"line":31,"column":13},"end":{"line":41,"column":13}},"type":"binary-expr","locations":[{"start":{"line":31,"column":13},"end":{"line":31,"column":28}},{"start":{"line":31,"column":32},"end":{"line":41,"column":13}}],"line":31},"2":{"loc":{"start":{"line":60,"column":12},"end":{"line":60,"column":33}},"type":"binary-expr","locations":[{"start":{"line":60,"column":12},"end":{"line":60,"column":27}},{"start":{"line":60,"column":31},"end":{"line":60,"column":33}}],"line":60},"3":{"loc":{"start":{"line":73,"column":4},"end":{"line":77,"column":5}},"type":"if","locations":[{"start":{"line":73,"column":4},"end":{"line":77,"column":5}},{"start":{"line":73,"column":4},"end":{"line":77,"column":5}}],"line":73},"4":{"loc":{"start":{"line":73,"column":8},"end":{"line":73,"column":39}},"type":"binary-expr","locations":[{"start":{"line":73,"column":8},"end":{"line":73,"column":24}},{"start":{"line":73,"column":28},"end":{"line":73,"column":39}}],"line":73}},"s":{"0":1,"1":13,"2":4,"3":1,"4":7,"5":7,"6":7,"7":2,"8":1,"9":1,"10":1,"11":1,"12":1,"13":2,"14":1,"15":2,"16":1},"f":{"0":13,"1":4,"2":1,"3":7,"4":2,"5":1,"6":2,"7":1,"8":2},"b":{"0":[13,2],"1":[2,2],"2":[7,7],"3":[1,0],"4":[1,1]},"_coverageSchema":"332fd63041d2c1bcb487cc26dd0d5f7d97098a6c","hash":"a9d41f5e03b6144b8424d7f85bc1e8bf36e2076f"}
,"/Users/harish/Documents/Github/friends-list/src/components/EmptyView.js": {"path":"/Users/harish/Documents/Github/friends-list/src/components/EmptyView.js","statementMap":{"0":{"start":{"line":1,"column":39},"end":{"line":1,"column":101}},"1":{"start":{"line":1,"column":120},"end":{"line":1,"column":193}},"2":{"start":{"line":2,"column":188},"end":{"line":2,"column":242}},"3":{"start":{"line":4,"column":18},"end":{"line":4,"column":330}},"4":{"start":{"line":4,"column":50},"end":{"line":4,"column":330}}},"fnMap":{"0":{"name":"_interopRequireDefault","decl":{"start":{"line":2,"column":159},"end":{"line":2,"column":181}},"loc":{"start":{"line":2,"column":187},"end":{"line":2,"column":243}},"line":2},"1":{"name":"(anonymous_1)","decl":{"start":{"line":4,"column":18},"end":{"line":4,"column":19}},"loc":{"start":{"line":4,"column":50},"end":{"line":4,"column":330}},"line":4}},"branchMap":{"0":{"loc":{"start":{"line":2,"column":195},"end":{"line":2,"column":241}},"type":"cond-expr","locations":[{"start":{"line":2,"column":219},"end":{"line":2,"column":222}},{"start":{"line":2,"column":225},"end":{"line":2,"column":241}}],"line":2},"1":{"loc":{"start":{"line":2,"column":195},"end":{"line":2,"column":216}},"type":"binary-expr","locations":[{"start":{"line":2,"column":195},"end":{"line":2,"column":198}},{"start":{"line":2,"column":202},"end":{"line":2,"column":216}}],"line":2}},"s":{"0":0,"1":0,"2":0,"3":0,"4":0},"f":{"0":0,"1":0},"b":{"0":[0,0],"1":[0,0]}}
,"/Users/harish/Documents/Github/friends-list/src/components/FriendList.js": {"path":"/Users/harish/Documents/Github/friends-list/src/components/FriendList.js","statementMap":{"0":{"start":{"line":1,"column":39},"end":{"line":1,"column":101}},"1":{"start":{"line":1,"column":120},"end":{"line":1,"column":194}},"2":{"start":{"line":4,"column":204},"end":{"line":4,"column":258}},"3":{"start":{"line":8,"column":4},"end":{"line":21,"column":13}},"4":{"start":{"line":12,"column":10},"end":{"line":19,"column":106}},"5":{"start":{"line":29,"column":0},"end":{"line":31,"column":77}}},"fnMap":{"0":{"name":"_interopRequireDefault","decl":{"start":{"line":4,"column":175},"end":{"line":4,"column":197}},"loc":{"start":{"line":4,"column":203},"end":{"line":4,"column":259}},"line":4},"1":{"name":"(anonymous_1)","decl":{"start":{"line":7,"column":2},"end":{"line":7,"column":3}},"loc":{"start":{"line":7,"column":11},"end":{"line":25,"column":3}},"line":7},"2":{"name":"(anonymous_2)","decl":{"start":{"line":11,"column":31},"end":{"line":11,"column":32}},"loc":{"start":{"line":11,"column":50},"end":{"line":21,"column":9}},"line":11}},"branchMap":{"0":{"loc":{"start":{"line":4,"column":211},"end":{"line":4,"column":257}},"type":"cond-expr","locations":[{"start":{"line":4,"column":235},"end":{"line":4,"column":238}},{"start":{"line":4,"column":241},"end":{"line":4,"column":257}}],"line":4},"1":{"loc":{"start":{"line":4,"column":211},"end":{"line":4,"column":232}},"type":"binary-expr","locations":[{"start":{"line":4,"column":211},"end":{"line":4,"column":214}},{"start":{"line":4,"column":218},"end":{"line":4,"column":232}}],"line":4}},"s":{"0":0,"1":0,"2":0,"3":0,"4":0,"5":0},"f":{"0":0,"1":0,"2":0},"b":{"0":[0,0],"1":[0,0]}}
,"/Users/harish/Documents/Github/friends-list/src/components/FriendListItem.js": {"path":"/Users/harish/Documents/Github/friends-list/src/components/FriendListItem.js","statementMap":{"0":{"start":{"line":1,"column":39},"end":{"line":1,"column":101}},"1":{"start":{"line":1,"column":120},"end":{"line":1,"column":198}},"2":{"start":{"line":4,"column":208},"end":{"line":4,"column":262}},"3":{"start":{"line":9,"column":59},"end":{"line":9,"column":69}},"4":{"start":{"line":10,"column":4},"end":{"line":33,"column":228}},"5":{"start":{"line":22,"column":29},"end":{"line":22,"column":43}},"6":{"start":{"line":31,"column":29},"end":{"line":31,"column":45}},"7":{"start":{"line":42,"column":0},"end":{"line":47,"column":78}}},"fnMap":{"0":{"name":"_interopRequireDefault","decl":{"start":{"line":4,"column":179},"end":{"line":4,"column":201}},"loc":{"start":{"line":4,"column":207},"end":{"line":4,"column":263}},"line":4},"1":{"name":"(anonymous_1)","decl":{"start":{"line":8,"column":2},"end":{"line":8,"column":3}},"loc":{"start":{"line":8,"column":11},"end":{"line":38,"column":3}},"line":8},"2":{"name":"(anonymous_2)","decl":{"start":{"line":22,"column":23},"end":{"line":22,"column":24}},"loc":{"start":{"line":22,"column":29},"end":{"line":22,"column":43}},"line":22},"3":{"name":"(anonymous_3)","decl":{"start":{"line":31,"column":23},"end":{"line":31,"column":24}},"loc":{"start":{"line":31,"column":29},"end":{"line":31,"column":45}},"line":31}},"branchMap":{"0":{"loc":{"start":{"line":4,"column":215},"end":{"line":4,"column":261}},"type":"cond-expr","locations":[{"start":{"line":4,"column":239},"end":{"line":4,"column":242}},{"start":{"line":4,"column":245},"end":{"line":4,"column":261}}],"line":4},"1":{"loc":{"start":{"line":4,"column":215},"end":{"line":4,"column":236}},"type":"binary-expr","locations":[{"start":{"line":4,"column":215},"end":{"line":4,"column":218}},{"start":{"line":4,"column":222},"end":{"line":4,"column":236}}],"line":4}},"s":{"0":0,"1":0,"2":0,"3":0,"4":0,"5":0,"6":0,"7":0},"f":{"0":0,"1":0,"2":0,"3":0},"b":{"0":[0,0],"1":[0,0]}}
,"/Users/harish/Documents/Github/friends-list/src/components/Pagination.js": {"path":"/Users/harish/Documents/Github/friends-list/src/components/Pagination.js","statementMap":{"0":{"start":{"line":13,"column":8},"end":{"line":13,"column":18}},"1":{"start":{"line":14,"column":4},"end":{"line":34,"column":6}},"2":{"start":{"line":18,"column":25},"end":{"line":18,"column":46}},"3":{"start":{"line":28,"column":25},"end":{"line":28,"column":46}},"4":{"start":{"line":38,"column":0},"end":{"line":42,"column":2}}},"fnMap":{"0":{"name":"(anonymous_0)","decl":{"start":{"line":8,"column":2},"end":{"line":8,"column":3}},"loc":{"start":{"line":8,"column":11},"end":{"line":35,"column":3}},"line":8},"1":{"name":"(anonymous_1)","decl":{"start":{"line":18,"column":19},"end":{"line":18,"column":20}},"loc":{"start":{"line":18,"column":25},"end":{"line":18,"column":46}},"line":18},"2":{"name":"(anonymous_2)","decl":{"start":{"line":28,"column":19},"end":{"line":28,"column":20}},"loc":{"start":{"line":28,"column":25},"end":{"line":28,"column":46}},"line":28}},"branchMap":{},"s":{"0":4,"1":4,"2":1,"3":1,"4":1},"f":{"0":4,"1":1,"2":1},"b":{},"_coverageSchema":"332fd63041d2c1bcb487cc26dd0d5f7d97098a6c","hash":"ec4f2e495c6f1429b55231ca817e8a83b0fd8614"}
,"/Users/harish/Documents/Github/friends-list/src/components/index.js": {"path":"/Users/harish/Documents/Github/friends-list/src/components/index.js","statementMap":{"0":{"start":{"line":1,"column":39},"end":{"line":1,"column":101}},"1":{"start":{"line":1,"column":122},"end":{"line":1,"column":148}},"2":{"start":{"line":1,"column":149},"end":{"line":1,"column":294}},"3":{"start":{"line":1,"column":235},"end":{"line":1,"column":289}},"4":{"start":{"line":1,"column":363},"end":{"line":2,"column":17}},"5":{"start":{"line":1,"column":446},"end":{"line":2,"column":12}},"6":{"start":{"line":2,"column":94},"end":{"line":3,"column":17}},"7":{"start":{"line":2,"column":181},"end":{"line":3,"column":12}},"8":{"start":{"line":3,"column":86},"end":{"line":4,"column":17}},"9":{"start":{"line":3,"column":169},"end":{"line":4,"column":12}},"10":{"start":{"line":4,"column":84},"end":{"line":5,"column":17}},"11":{"start":{"line":4,"column":166},"end":{"line":5,"column":12}}},"fnMap":{"0":{"name":"(anonymous_0)","decl":{"start":{"line":1,"column":222},"end":{"line":1,"column":223}},"loc":{"start":{"line":1,"column":234},"end":{"line":1,"column":290}},"line":1},"1":{"name":"(anonymous_1)","decl":{"start":{"line":1,"column":433},"end":{"line":1,"column":434}},"loc":{"start":{"line":1,"column":445},"end":{"line":2,"column":13}},"line":1},"2":{"name":"(anonymous_2)","decl":{"start":{"line":2,"column":168},"end":{"line":2,"column":169}},"loc":{"start":{"line":2,"column":180},"end":{"line":3,"column":13}},"line":2},"3":{"name":"(anonymous_3)","decl":{"start":{"line":3,"column":156},"end":{"line":3,"column":157}},"loc":{"start":{"line":3,"column":168},"end":{"line":4,"column":13}},"line":3},"4":{"name":"(anonymous_4)","decl":{"start":{"line":4,"column":153},"end":{"line":4,"column":154}},"loc":{"start":{"line":4,"column":165},"end":{"line":5,"column":13}},"line":4}},"branchMap":{},"s":{"0":0,"1":0,"2":0,"3":0,"4":0,"5":0,"6":0,"7":0,"8":0,"9":0,"10":0,"11":0},"f":{"0":0,"1":0,"2":0,"3":0,"4":0},"b":{}}
,"/Users/harish/Documents/Github/friends-list/src/constants/ActionTypes.js": {"path":"/Users/harish/Documents/Github/friends-list/src/constants/ActionTypes.js","statementMap":{"0":{"start":{"line":1,"column":26},"end":{"line":1,"column":38}},"1":{"start":{"line":2,"column":27},"end":{"line":2,"column":40}},"2":{"start":{"line":3,"column":29},"end":{"line":3,"column":44}},"3":{"start":{"line":4,"column":36},"end":{"line":4,"column":58}},"4":{"start":{"line":5,"column":36},"end":{"line":5,"column":58}}},"fnMap":{},"branchMap":{},"s":{"0":2,"1":2,"2":2,"3":2,"4":2},"f":{},"b":{},"_coverageSchema":"332fd63041d2c1bcb487cc26dd0d5f7d97098a6c","hash":"115c3708854b05958d9386515b858545642ff743"}
,"/Users/harish/Documents/Github/friends-list/src/containers/App.js": {"path":"/Users/harish/Documents/Github/friends-list/src/containers/App.js","statementMap":{"0":{"start":{"line":1,"column":39},"end":{"line":1,"column":101}},"1":{"start":{"line":1,"column":120},"end":{"line":1,"column":187}},"2":{"start":{"line":6,"column":463},"end":{"line":6,"column":517}},"3":{"start":{"line":8,"column":42},"end":{"line":8,"column":79}},"4":{"start":{"line":9,"column":40},"end":{"line":9,"column":72}},"5":{"start":{"line":13,"column":4},"end":{"line":16,"column":219}}},"fnMap":{"0":{"name":"_interopRequireDefault","decl":{"start":{"line":6,"column":434},"end":{"line":6,"column":456}},"loc":{"start":{"line":6,"column":462},"end":{"line":6,"column":518}},"line":6},"1":{"name":"(anonymous_1)","decl":{"start":{"line":12,"column":2},"end":{"line":12,"column":3}},"loc":{"start":{"line":12,"column":11},"end":{"line":20,"column":3}},"line":12}},"branchMap":{"0":{"loc":{"start":{"line":6,"column":470},"end":{"line":6,"column":516}},"type":"cond-expr","locations":[{"start":{"line":6,"column":494},"end":{"line":6,"column":497}},{"start":{"line":6,"column":500},"end":{"line":6,"column":516}}],"line":6},"1":{"loc":{"start":{"line":6,"column":470},"end":{"line":6,"column":491}},"type":"binary-expr","locations":[{"start":{"line":6,"column":470},"end":{"line":6,"column":473}},{"start":{"line":6,"column":477},"end":{"line":6,"column":491}}],"line":6}},"s":{"0":0,"1":0,"2":0,"3":0,"4":0,"5":0},"f":{"0":0,"1":0},"b":{"0":[0,0],"1":[0,0]}}
,"/Users/harish/Documents/Github/friends-list/src/containers/FriendListApp.js": {"path":"/Users/harish/Documents/Github/friends-list/src/containers/FriendListApp.js","statementMap":{"0":{"start":{"line":1,"column":39},"end":{"line":1,"column":101}},"1":{"start":{"line":1,"column":120},"end":{"line":1,"column":197}},"2":{"start":{"line":12,"column":204},"end":{"line":12,"column":258}},"3":{"start":{"line":24,"column":4},"end":{"line":24,"column":14}},"4":{"start":{"line":25,"column":20},"end":{"line":25,"column":59}},"5":{"start":{"line":26,"column":4},"end":{"line":34,"column":124}},"6":{"start":{"line":42,"column":2},"end":{"line":42,"column":15}}},"fnMap":{"0":{"name":"_interopRequireDefault","decl":{"start":{"line":12,"column":175},"end":{"line":12,"column":197}},"loc":{"start":{"line":12,"column":203},"end":{"line":12,"column":259}},"line":12},"1":{"name":"(anonymous_1)","decl":{"start":{"line":16,"column":2},"end":{"line":16,"column":3}},"loc":{"start":{"line":16,"column":11},"end":{"line":38,"column":3}},"line":16},"2":{"name":"mapStateToProps","decl":{"start":{"line":41,"column":9},"end":{"line":41,"column":24}},"loc":{"start":{"line":41,"column":32},"end":{"line":43,"column":1}},"line":41}},"branchMap":{"0":{"loc":{"start":{"line":12,"column":211},"end":{"line":12,"column":257}},"type":"cond-expr","locations":[{"start":{"line":12,"column":235},"end":{"line":12,"column":238}},{"start":{"line":12,"column":241},"end":{"line":12,"column":257}}],"line":12},"1":{"loc":{"start":{"line":12,"column":211},"end":{"line":12,"column":232}},"type":"binary-expr","locations":[{"start":{"line":12,"column":211},"end":{"line":12,"column":214}},{"start":{"line":12,"column":218},"end":{"line":12,"column":232}}],"line":12},"3":{"loc":{"start":{"line":31,"column":8},"end":{"line":34,"column":121}},"type":"binary-expr","locations":[{"start":{"line":31,"column":8},"end":{"line":31,"column":34}}],"line":31}},"s":{"0":0,"1":0,"2":0,"3":0,"4":0,"5":0,"6":0},"f":{"0":0,"1":0,"2":0},"b":{"0":[0,0],"1":[0,0],"3":[0]}}
,"/Users/harish/Documents/Github/friends-list/src/reducers/friendlist.js": {"path":"/Users/harish/Documents/Github/friends-list/src/reducers/friendlist.js","statementMap":{"0":{"start":{"line":3,"column":28},"end":{"line":43,"column":1}},"1":{"start":{"line":45,"column":29},"end":{"line":49,"column":1}},"2":{"start":{"line":46,"column":19},"end":{"line":46,"column":41}},"3":{"start":{"line":47,"column":21},"end":{"line":47,"column":40}},"4":{"start":{"line":48,"column":2},"end":{"line":48,"column":45}},"5":{"start":{"line":51,"column":18},"end":{"line":86,"column":1}},"6":{"start":{"line":52,"column":36},"end":{"line":52,"column":52}},"7":{"start":{"line":53,"column":27},"end":{"line":53,"column":51}},"8":{"start":{"line":55,"column":16},"end":{"line":55,"column":85}},"9":{"start":{"line":57,"column":29},"end":{"line":57,"column":63}},"10":{"start":{"line":58,"column":28},"end":{"line":58,"column":89}},"11":{"start":{"line":60,"column":21},"end":{"line":64,"column":3}},"12":{"start":{"line":66,"column":18},"end":{"line":74,"column":3}},"13":{"start":{"line":76,"column":2},"end":{"line":85,"column":4}},"14":{"start":{"line":88,"column":21},"end":{"line":107,"column":1}},"15":{"start":{"line":89,"column":36},"end":{"line":89,"column":52}},"16":{"start":{"line":90,"column":16},"end":{"line":90,"column":71}},"17":{"start":{"line":90,"column":49},"end":{"line":90,"column":70}},"18":{"start":{"line":91,"column":26},"end":{"line":91,"column":62}},"19":{"start":{"line":92,"column":21},"end":{"line":96,"column":3}},"20":{"start":{"line":97,"column":2},"end":{"line":106,"column":4}},"21":{"start":{"line":109,"column":25},"end":{"line":128,"column":1}},"22":{"start":{"line":110,"column":38},"end":{"line":110,"column":54}},"23":{"start":{"line":111,"column":25},"end":{"line":111,"column":81}},"24":{"start":{"line":112,"column":26},"end":{"line":112,"column":99}},"25":{"start":{"line":113,"column":2},"end":{"line":126,"column":3}},"26":{"start":{"line":114,"column":4},"end":{"line":125,"column":5}},"27":{"start":{"line":127,"column":2},"end":{"line":127,"column":22}},"28":{"start":{"line":130,"column":19},"end":{"line":140,"column":1}},"29":{"start":{"line":131,"column":36},"end":{"line":131,"column":52}},"30":{"start":{"line":132,"column":18},"end":{"line":132,"column":40}},"31":{"start":{"line":133,"column":20},"end":{"line":133,"column":68}},"32":{"start":{"line":133,"column":46},"end":{"line":133,"column":67}},"33":{"start":{"line":134,"column":2},"end":{"line":134,"column":63}},"34":{"start":{"line":135,"column":2},"end":{"line":139,"column":4}},"35":{"start":{"line":143,"column":2},"end":{"line":151,"column":3}},"36":{"start":{"line":144,"column":27},"end":{"line":144,"column":59}},"37":{"start":{"line":145,"column":30},"end":{"line":145,"column":65}},"38":{"start":{"line":146,"column":28},"end":{"line":146,"column":61}},"39":{"start":{"line":147,"column":37},"end":{"line":147,"column":89}},"40":{"start":{"line":148,"column":37},"end":{"line":148,"column":89}},"41":{"start":{"line":150,"column":6},"end":{"line":150,"column":19}}},"fnMap":{"0":{"name":"(anonymous_0)","decl":{"start":{"line":45,"column":29},"end":{"line":45,"column":30}},"loc":{"start":{"line":45,"column":67},"end":{"line":49,"column":1}},"line":45},"1":{"name":"(anonymous_1)","decl":{"start":{"line":51,"column":18},"end":{"line":51,"column":19}},"loc":{"start":{"line":51,"column":37},"end":{"line":86,"column":1}},"line":51},"2":{"name":"(anonymous_2)","decl":{"start":{"line":88,"column":21},"end":{"line":88,"column":22}},"loc":{"start":{"line":88,"column":40},"end":{"line":107,"column":1}},"line":88},"3":{"name":"(anonymous_3)","decl":{"start":{"line":90,"column":41},"end":{"line":90,"column":42}},"loc":{"start":{"line":90,"column":49},"end":{"line":90,"column":70}},"line":90},"4":{"name":"(anonymous_4)","decl":{"start":{"line":109,"column":25},"end":{"line":109,"column":26}},"loc":{"start":{"line":109,"column":50},"end":{"line":128,"column":1}},"line":109},"5":{"name":"(anonymous_5)","decl":{"start":{"line":130,"column":19},"end":{"line":130,"column":20}},"loc":{"start":{"line":130,"column":38},"end":{"line":140,"column":1}},"line":130},"6":{"name":"(anonymous_6)","decl":{"start":{"line":133,"column":38},"end":{"line":133,"column":39}},"loc":{"start":{"line":133,"column":46},"end":{"line":133,"column":67}},"line":133},"7":{"name":"friends","decl":{"start":{"line":142,"column":24},"end":{"line":142,"column":31}},"loc":{"start":{"line":142,"column":62},"end":{"line":152,"column":1}},"line":142}},"branchMap":{"0":{"loc":{"start":{"line":55,"column":16},"end":{"line":55,"column":85}},"type":"cond-expr","locations":[{"start":{"line":55,"column":35},"end":{"line":55,"column":81}},{"start":{"line":55,"column":84},"end":{"line":55,"column":85}}],"line":55},"1":{"loc":{"start":{"line":57,"column":29},"end":{"line":57,"column":63}},"type":"cond-expr","locations":[{"start":{"line":57,"column":48},"end":{"line":57,"column":59}},{"start":{"line":57,"column":62},"end":{"line":57,"column":63}}],"line":57},"2":{"loc":{"start":{"line":95,"column":17},"end":{"line":95,"column":80}},"type":"cond-expr","locations":[{"start":{"line":95,"column":51},"end":{"line":95,"column":66}},{"start":{"line":95,"column":69},"end":{"line":95,"column":80}}],"line":95},"3":{"loc":{"start":{"line":111,"column":25},"end":{"line":111,"column":81}},"type":"cond-expr","locations":[{"start":{"line":111,"column":48},"end":{"line":111,"column":63}},{"start":{"line":111,"column":66},"end":{"line":111,"column":81}}],"line":111},"4":{"loc":{"start":{"line":112,"column":26},"end":{"line":112,"column":99}},"type":"cond-expr","locations":[{"start":{"line":112,"column":49},"end":{"line":112,"column":77}},{"start":{"line":112,"column":80},"end":{"line":112,"column":99}}],"line":112},"5":{"loc":{"start":{"line":113,"column":2},"end":{"line":126,"column":3}},"type":"if","locations":[{"start":{"line":113,"column":2},"end":{"line":126,"column":3}},{"start":{"line":113,"column":2},"end":{"line":126,"column":3}}],"line":113},"6":{"loc":{"start":{"line":142,"column":32},"end":{"line":142,"column":52}},"type":"default-arg","locations":[{"start":{"line":142,"column":40},"end":{"line":142,"column":52}}],"line":142},"7":{"loc":{"start":{"line":143,"column":2},"end":{"line":151,"column":3}},"type":"switch","locations":[{"start":{"line":144,"column":4},"end":{"line":144,"column":59}},{"start":{"line":145,"column":4},"end":{"line":145,"column":65}},{"start":{"line":146,"column":4},"end":{"line":146,"column":61}},{"start":{"line":147,"column":4},"end":{"line":147,"column":89}},{"start":{"line":148,"column":4},"end":{"line":148,"column":89}},{"start":{"line":149,"column":4},"end":{"line":150,"column":19}}],"line":143}},"s":{"0":1,"1":1,"2":9,"3":9,"4":9,"5":1,"6":3,"7":3,"8":3,"9":3,"10":3,"11":3,"12":3,"13":3,"14":1,"15":3,"16":3,"17":6,"18":3,"19":3,"20":3,"21":1,"22":4,"23":4,"24":4,"25":4,"26":2,"27":2,"28":1,"29":1,"30":1,"31":1,"32":1,"33":1,"34":1,"35":15,"36":3,"37":3,"38":1,"39":2,"40":2,"41":4},"f":{"0":9,"1":3,"2":3,"3":6,"4":4,"5":1,"6":1,"7":15},"b":{"0":[1,2],"1":[1,2],"2":[1,2],"3":[2,2],"4":[2,2],"5":[2,2],"6":[2],"7":[3,3,1,2,2,4]},"_coverageSchema":"332fd63041d2c1bcb487cc26dd0d5f7d97098a6c","hash":"209675e3e81ac811ca081b9562b94aa1466a4047"}
,"/Users/harish/Documents/Github/friends-list/src/reducers/index.js": {"path":"/Users/harish/Documents/Github/friends-list/src/reducers/index.js","statementMap":{"0":{"start":{"line":1,"column":39},"end":{"line":1,"column":101}},"1":{"start":{"line":1,"column":119},"end":{"line":1,"column":142}},"2":{"start":{"line":1,"column":143},"end":{"line":1,"column":282}},"3":{"start":{"line":1,"column":226},"end":{"line":1,"column":277}}},"fnMap":{"0":{"name":"(anonymous_0)","decl":{"start":{"line":1,"column":213},"end":{"line":1,"column":214}},"loc":{"start":{"line":1,"column":225},"end":{"line":1,"column":278}},"line":1}},"branchMap":{},"s":{"0":0,"1":0,"2":0,"3":0},"f":{"0":0},"b":{}}
}
