TN:
SF:/Users/harish/Documents/Github/friends-list/src/App.js
FN:6,(anonymous_0)
FNF:1
FNH:1
FNDA:1,(anonymous_0)
DA:7,1
LF:1
LH:1
BRF:0
BRH:0
end_of_record
TN:
SF:/Users/harish/Documents/Github/friends-list/src/index.js
FNF:0
FNH:0
DA:1,0
LF:1
LH:0
BRF:0
BRH:0
end_of_record
TN:
SF:/Users/harish/Documents/Github/friends-list/src/setupTests.js
FNF:0
FNH:0
DA:7,5
DA:10,5
DA:11,5
DA:12,5
DA:13,5
DA:14,5
LF:6
LH:6
BRF:0
BRH:0
end_of_record
TN:
SF:/Users/harish/Documents/Github/friends-list/src/actions/FriendsActions.js
FN:3,addFriend
FN:10,deleteFriend
FN:17,starFriend
FN:24,incrementPagination
FN:30,decrementPagination
FNF:5
FNH:5
FNDA:3,addFriend
FNDA:2,deleteFriend
FNDA:2,starFriend
FNDA:1,incrementPagination
FNDA:1,decrementPagination
DA:4,3
DA:11,2
DA:18,2
DA:25,1
DA:31,1
LF:5
LH:5
BRF:0
BRH:0
end_of_record
TN:
SF:/Users/harish/Documents/Github/friends-list/src/components/AddFriendForm.js
FN:12,(anonymous_0)
FN:31,(anonymous_1)
FN:36,(anonymous_2)
FN:57,(anonymous_3)
FN:67,(anonymous_4)
FN:71,(anonymous_5)
FN:80,(anonymous_6)
FN:84,(anonymous_7)
FN:86,(anonymous_8)
FNF:9
FNH:9
FNDA:13,(anonymous_0)
FNDA:4,(anonymous_1)
FNDA:1,(anonymous_2)
FNDA:7,(anonymous_3)
FNDA:2,(anonymous_4)
FNDA:1,(anonymous_5)
FNDA:2,(anonymous_6)
FNDA:1,(anonymous_7)
FNDA:2,(anonymous_8)
DA:6,1
DA:13,13
DA:32,4
DA:36,1
DA:58,7
DA:59,7
DA:64,7
DA:68,2
DA:72,1
DA:73,1
DA:74,1
DA:75,1
DA:76,1
DA:81,2
DA:85,1
DA:86,2
DA:93,1
LF:17
LH:17
BRDA:28,0,0,13
BRDA:28,0,1,2
BRDA:31,1,0,2
BRDA:31,1,1,2
BRDA:60,2,0,7
BRDA:60,2,1,7
BRDA:73,3,0,1
BRDA:73,3,1,0
BRDA:73,4,0,1
BRDA:73,4,1,1
BRF:10
BRH:9
end_of_record
TN:
SF:/Users/harish/Documents/Github/friends-list/src/components/EmptyView.js
FN:2,_interopRequireDefault
FN:4,(anonymous_1)
FNF:2
FNH:0
FNDA:0,_interopRequireDefault
FNDA:0,(anonymous_1)
DA:1,0
DA:2,0
DA:4,0
LF:3
LH:0
BRDA:2,0,0,0
BRDA:2,0,1,0
BRDA:2,1,0,0
BRDA:2,1,1,0
BRF:4
BRH:0
end_of_record
TN:
SF:/Users/harish/Documents/Github/friends-list/src/components/FriendList.js
FN:4,_interopRequireDefault
FN:7,(anonymous_1)
FN:11,(anonymous_2)
FNF:3
FNH:0
FNDA:0,_interopRequireDefault
FNDA:0,(anonymous_1)
FNDA:0,(anonymous_2)
DA:1,0
DA:4,0
DA:8,0
DA:12,0
DA:29,0
LF:5
LH:0
BRDA:4,0,0,0
BRDA:4,0,1,0
BRDA:4,1,0,0
BRDA:4,1,1,0
BRF:4
BRH:0
end_of_record
TN:
SF:/Users/harish/Documents/Github/friends-list/src/components/FriendListItem.js
FN:4,_interopRequireDefault
FN:8,(anonymous_1)
FN:22,(anonymous_2)
FN:31,(anonymous_3)
FNF:4
FNH:0
FNDA:0,_interopRequireDefault
FNDA:0,(anonymous_1)
FNDA:0,(anonymous_2)
FNDA:0,(anonymous_3)
DA:1,0
DA:4,0
DA:9,0
DA:10,0
DA:22,0
DA:31,0
DA:42,0
LF:7
LH:0
BRDA:4,0,0,0
BRDA:4,0,1,0
BRDA:4,1,0,0
BRDA:4,1,1,0
BRF:4
BRH:0
end_of_record
TN:
SF:/Users/harish/Documents/Github/friends-list/src/components/Pagination.js
FN:8,(anonymous_0)
FN:18,(anonymous_1)
FN:28,(anonymous_2)
FNF:3
FNH:3
FNDA:4,(anonymous_0)
FNDA:1,(anonymous_1)
FNDA:1,(anonymous_2)
DA:13,4
DA:14,4
DA:18,1
DA:28,1
DA:38,1
LF:5
LH:5
BRF:0
BRH:0
end_of_record
TN:
SF:/Users/harish/Documents/Github/friends-list/src/components/index.js
FN:1,(anonymous_0)
FN:1,(anonymous_1)
FN:2,(anonymous_2)
FN:3,(anonymous_3)
FN:4,(anonymous_4)
FNF:5
FNH:0
FNDA:0,(anonymous_0)
FNDA:0,(anonymous_1)
FNDA:0,(anonymous_2)
FNDA:0,(anonymous_3)
FNDA:0,(anonymous_4)
DA:1,0
DA:2,0
DA:3,0
DA:4,0
LF:4
LH:0
BRF:0
BRH:0
end_of_record
TN:
SF:/Users/harish/Documents/Github/friends-list/src/constants/ActionTypes.js
FNF:0
FNH:0
DA:1,2
DA:2,2
DA:3,2
DA:4,2
DA:5,2
LF:5
LH:5
BRF:0
BRH:0
end_of_record
TN:
SF:/Users/harish/Documents/Github/friends-list/src/containers/App.js
FN:6,_interopRequireDefault
FN:12,(anonymous_1)
FNF:2
FNH:0
FNDA:0,_interopRequireDefault
FNDA:0,(anonymous_1)
DA:1,0
DA:6,0
DA:8,0
DA:9,0
DA:13,0
LF:5
LH:0
BRDA:6,0,0,0
BRDA:6,0,1,0
BRDA:6,1,0,0
BRDA:6,1,1,0
BRF:4
BRH:0
end_of_record
TN:
SF:/Users/harish/Documents/Github/friends-list/src/containers/FriendListApp.js
FN:12,_interopRequireDefault
FN:16,(anonymous_1)
FN:41,mapStateToProps
FNF:3
FNH:0
FNDA:0,_interopRequireDefault
FNDA:0,(anonymous_1)
FNDA:0,mapStateToProps
DA:1,0
DA:12,0
DA:24,0
DA:25,0
DA:26,0
DA:42,0
LF:6
LH:0
BRDA:12,0,0,0
BRDA:12,0,1,0
BRDA:12,1,0,0
BRDA:12,1,1,0
BRDA:31,3,0,0
BRF:5
BRH:0
end_of_record
TN:
SF:/Users/harish/Documents/Github/friends-list/src/reducers/friendlist.js
FN:45,(anonymous_0)
FN:51,(anonymous_1)
FN:88,(anonymous_2)
FN:90,(anonymous_3)
FN:109,(anonymous_4)
FN:130,(anonymous_5)
FN:133,(anonymous_6)
FN:142,friends
FNF:8
FNH:8
FNDA:9,(anonymous_0)
FNDA:3,(anonymous_1)
FNDA:3,(anonymous_2)
FNDA:6,(anonymous_3)
FNDA:4,(anonymous_4)
FNDA:1,(anonymous_5)
FNDA:1,(anonymous_6)
FNDA:15,friends
DA:3,1
DA:45,1
DA:46,9
DA:47,9
DA:48,9
DA:51,1
DA:52,3
DA:53,3
DA:55,3
DA:57,3
DA:58,3
DA:60,3
DA:66,3
DA:76,3
DA:88,1
DA:89,3
DA:90,6
DA:91,3
DA:92,3
DA:97,3
DA:109,1
DA:110,4
DA:111,4
DA:112,4
DA:113,4
DA:114,2
DA:127,2
DA:130,1
DA:131,1
DA:132,1
DA:133,1
DA:134,1
DA:135,1
DA:143,15
DA:144,3
DA:145,3
DA:146,1
DA:147,2
DA:148,2
DA:150,4
LF:40
LH:40
BRDA:55,0,0,1
BRDA:55,0,1,2
BRDA:57,1,0,1
BRDA:57,1,1,2
BRDA:95,2,0,1
BRDA:95,2,1,2
BRDA:111,3,0,2
BRDA:111,3,1,2
BRDA:112,4,0,2
BRDA:112,4,1,2
BRDA:113,5,0,2
BRDA:113,5,1,2
BRDA:142,6,0,2
BRDA:143,7,0,3
BRDA:143,7,1,3
BRDA:143,7,2,1
BRDA:143,7,3,2
BRDA:143,7,4,2
BRDA:143,7,5,4
BRF:19
BRH:19
end_of_record
TN:
SF:/Users/harish/Documents/Github/friends-list/src/reducers/index.js
FN:1,(anonymous_0)
FNF:1
FNH:0
FNDA:0,(anonymous_0)
DA:1,0
LF:1
LH:0
BRF:0
BRH:0
end_of_record
